<?xml version="1.0" encoding="UTF-8"?>
<!-- Generated by org.testng.reporters.JUnitReportReporter -->
<testsuite skipped="0" hostname="Manish-PC" name="com.mts.testcases.LoginTest" tests="1" failures="0" timestamp="29 May 2019 11:25:04 GMT" time="3.896" errors="0">
  <testcase name="loginTest" time="3.896" classname="com.mts.testcases.LoginTest"/>
</testsuite> <!-- com.mts.testcases.LoginTest -->
